<?xml version="1.0" encoding="UTF-8"?>
<testsuite xmlns:xsi="http://www.w3.org/2001/XMLSchema-instance" xsi:noNamespaceSchemaLocation="https://maven.apache.org/surefire/maven-surefire-plugin/xsd/surefire-test-report.xsd" name="com.mybatisplus.MybatisPlusApplicationTests" time="3.167" tests="6" errors="0" skipped="0" failures="0">
  <properties>
[...]
</properties>
  <testcase name="loginUser" classname="com.mybatisplus.MybatisPlusApplicationTests" time="0.583"/>
  <testcase name="selectUser" classname="com.mybatisplus.MybatisPlusApplicationTests" time="0.005"/>
  <testcase name="testFindAll" classname="com.mybatisplus.MybatisPlusApplicationTests" time="0.006"/>
  <testcase name="testGetDate" classname="com.mybatisplus.MybatisPlusApplicationTests" time="0.011"/>
  <testcase name="testGetPage" classname="com.mybatisplus.MybatisPlusApplicationTests" time="0.054"/>
  <testcase name="testSelect" classname="com.mybatisplus.MybatisPlusApplicationTests" time="0.009"/>
</testsuite>